{"/home/linuser/code/fiap-soat/easyOrder-challenge4-app-cliente/src/easyorder/Application/Controller/ClientesController.ts": {"path":"/home/linuser/code/fiap-soat/easyOrder-challenge4-app-cliente/src/easyorder/Application/Controller/ClientesController.ts","statementMap":{"0":{"start":{"line":2,"column":0},"end":{"line":2,"column":71}},"1":{"start":{"line":3,"column":0},"end":{"line":3,"column":61}},"2":{"start":{"line":8,"column":31},"end":{"line":8,"column":67}},"3":{"start":{"line":9,"column":40},"end":{"line":9,"column":100}},"4":{"start":{"line":10,"column":8},"end":{"line":12,"column":9}},"5":{"start":{"line":11,"column":12},"end":{"line":11,"column":66}},"6":{"start":{"line":13,"column":8},"end":{"line":13,"column":73}},"7":{"start":{"line":18,"column":31},"end":{"line":18,"column":67}},"8":{"start":{"line":19,"column":39},"end":{"line":19,"column":128}},"9":{"start":{"line":20,"column":8},"end":{"line":22,"column":9}},"10":{"start":{"line":21,"column":12},"end":{"line":21,"column":66}},"11":{"start":{"line":23,"column":8},"end":{"line":23,"column":66}},"12":{"start":{"line":27,"column":31},"end":{"line":27,"column":67}},"13":{"start":{"line":28,"column":39},"end":{"line":28,"column":138}},"14":{"start":{"line":29,"column":8},"end":{"line":31,"column":9}},"15":{"start":{"line":30,"column":12},"end":{"line":30,"column":66}},"16":{"start":{"line":32,"column":8},"end":{"line":32,"column":66}},"17":{"start":{"line":36,"column":31},"end":{"line":36,"column":67}},"18":{"start":{"line":37,"column":39},"end":{"line":37,"column":119}},"19":{"start":{"line":38,"column":8},"end":{"line":40,"column":9}},"20":{"start":{"line":39,"column":12},"end":{"line":39,"column":66}},"21":{"start":{"line":41,"column":8},"end":{"line":41,"column":66}},"22":{"start":{"line":5,"column":0},"end":{"line":5,"column":13}}},"fnMap":{"0":{"name":"(anonymous_0)","decl":{"start":{"line":7,"column":11},"end":{"line":7,"column":17}},"loc":{"start":{"line":7,"column":67},"end":{"line":14,"column":5}}},"1":{"name":"(anonymous_1)","decl":{"start":{"line":17,"column":11},"end":{"line":17,"column":17}},"loc":{"start":{"line":17,"column":90},"end":{"line":24,"column":5}}},"2":{"name":"(anonymous_2)","decl":{"start":{"line":26,"column":11},"end":{"line":26,"column":17}},"loc":{"start":{"line":26,"column":130},"end":{"line":33,"column":5}}},"3":{"name":"(anonymous_3)","decl":{"start":{"line":35,"column":11},"end":{"line":35,"column":17}},"loc":{"start":{"line":35,"column":111},"end":{"line":42,"column":5}}}},"branchMap":{"0":{"loc":{"start":{"line":10,"column":8},"end":{"line":12,"column":9}},"type":"if","locations":[{"start":{"line":10,"column":8},"end":{"line":12,"column":9}}]},"1":{"loc":{"start":{"line":10,"column":12},"end":{"line":10,"column":59}},"type":"binary-expr","locations":[{"start":{"line":10,"column":12},"end":{"line":10,"column":34}},{"start":{"line":10,"column":38},"end":{"line":10,"column":59}}]},"2":{"loc":{"start":{"line":20,"column":8},"end":{"line":22,"column":9}},"type":"if","locations":[{"start":{"line":20,"column":8},"end":{"line":22,"column":9}}]},"3":{"loc":{"start":{"line":29,"column":8},"end":{"line":31,"column":9}},"type":"if","locations":[{"start":{"line":29,"column":8},"end":{"line":31,"column":9}}]},"4":{"loc":{"start":{"line":38,"column":8},"end":{"line":40,"column":9}},"type":"if","locations":[{"start":{"line":38,"column":8},"end":{"line":40,"column":9}}]}},"s":{"0":1,"1":1,"2":2,"3":2,"4":2,"5":1,"6":1,"7":2,"8":2,"9":2,"10":1,"11":1,"12":2,"13":2,"14":2,"15":1,"16":1,"17":2,"18":2,"19":2,"20":1,"21":1,"22":1},"f":{"0":2,"1":2,"2":2,"3":2},"b":{"0":[1],"1":[2,2],"2":[1],"3":[1],"4":[1]}}
,"/home/linuser/code/fiap-soat/easyOrder-challenge4-app-cliente/src/easyorder/Application/Presenter/ClienteAdapter.ts": {"path":"/home/linuser/code/fiap-soat/easyOrder-challenge4-app-cliente/src/easyorder/Application/Presenter/ClienteAdapter.ts","statementMap":{"0":{"start":{"line":6,"column":6},"end":{"line":8,"column":7}},"1":{"start":{"line":7,"column":8},"end":{"line":7,"column":34}},"2":{"start":{"line":9,"column":6},"end":{"line":9,"column":51}},"3":{"start":{"line":13,"column":8},"end":{"line":23,"column":22}},"4":{"start":{"line":16,"column":14},"end":{"line":21,"column":16}},"5":{"start":{"line":27,"column":6},"end":{"line":35,"column":18}},"6":{"start":{"line":3,"column":0},"end":{"line":3,"column":13}}},"fnMap":{"0":{"name":"(anonymous_0)","decl":{"start":{"line":5,"column":11},"end":{"line":5,"column":17}},"loc":{"start":{"line":5,"column":75},"end":{"line":10,"column":5}}},"1":{"name":"(anonymous_1)","decl":{"start":{"line":12,"column":11},"end":{"line":12,"column":17}},"loc":{"start":{"line":12,"column":85},"end":{"line":24,"column":5}}},"2":{"name":"(anonymous_2)","decl":{"start":{"line":15,"column":36},"end":{"line":15,"column":37}},"loc":{"start":{"line":15,"column":48},"end":{"line":22,"column":13}}},"3":{"name":"(anonymous_3)","decl":{"start":{"line":26,"column":11},"end":{"line":26,"column":17}},"loc":{"start":{"line":26,"column":76},"end":{"line":36,"column":5}}}},"branchMap":{"0":{"loc":{"start":{"line":6,"column":6},"end":{"line":8,"column":7}},"type":"if","locations":[{"start":{"line":6,"column":6},"end":{"line":8,"column":7}}]},"1":{"loc":{"start":{"line":15,"column":22},"end":{"line":22,"column":14}},"type":"cond-expr","locations":[{"start":{"line":15,"column":30},"end":{"line":15,"column":32}},{"start":{"line":15,"column":22},"end":{"line":22,"column":14}}]},"2":{"loc":{"start":{"line":15,"column":22},"end":{"line":15,"column":32}},"type":"binary-expr","locations":[{"start":{"line":15,"column":22},"end":{"line":15,"column":32}},{"start":{"line":15,"column":22},"end":{"line":15,"column":32}}]}},"s":{"0":4,"1":1,"2":3,"3":4,"4":2,"5":1,"6":2},"f":{"0":4,"1":4,"2":2,"3":1},"b":{"0":[1],"1":[0,4],"2":[4,4]}}
,"/home/linuser/code/fiap-soat/easyOrder-challenge4-app-cliente/src/easyorder/Core/Entity/ClienteEntity.ts": {"path":"/home/linuser/code/fiap-soat/easyOrder-challenge4-app-cliente/src/easyorder/Core/Entity/ClienteEntity.ts","statementMap":{"0":{"start":{"line":1,"column":0},"end":{"line":1,"column":36}},"1":{"start":{"line":12,"column":8},"end":{"line":12,"column":23}},"2":{"start":{"line":13,"column":8},"end":{"line":13,"column":25}},"3":{"start":{"line":14,"column":8},"end":{"line":14,"column":27}},"4":{"start":{"line":16,"column":8},"end":{"line":18,"column":9}},"5":{"start":{"line":17,"column":12},"end":{"line":17,"column":26}},"6":{"start":{"line":20,"column":8},"end":{"line":20,"column":21}},"7":{"start":{"line":24,"column":8},"end":{"line":24,"column":23}},"8":{"start":{"line":28,"column":8},"end":{"line":28,"column":25}},"9":{"start":{"line":32,"column":8},"end":{"line":32,"column":26}},"10":{"start":{"line":36,"column":8},"end":{"line":36,"column":24}},"11":{"start":{"line":5,"column":0},"end":{"line":5,"column":13}}},"fnMap":{"0":{"name":"(anonymous_0)","decl":{"start":{"line":11,"column":4},"end":{"line":11,"column":16}},"loc":{"start":{"line":11,"column":87},"end":{"line":21,"column":5}}},"1":{"name":"(anonymous_1)","decl":{"start":{"line":23,"column":4},"end":{"line":23,"column":9}},"loc":{"start":{"line":23,"column":9},"end":{"line":25,"column":5}}},"2":{"name":"(anonymous_2)","decl":{"start":{"line":27,"column":4},"end":{"line":27,"column":11}},"loc":{"start":{"line":27,"column":11},"end":{"line":29,"column":5}}},"3":{"name":"(anonymous_3)","decl":{"start":{"line":31,"column":4},"end":{"line":31,"column":12}},"loc":{"start":{"line":31,"column":12},"end":{"line":33,"column":5}}},"4":{"name":"(anonymous_4)","decl":{"start":{"line":35,"column":4},"end":{"line":35,"column":10}},"loc":{"start":{"line":35,"column":10},"end":{"line":37,"column":5}}}},"branchMap":{"0":{"loc":{"start":{"line":16,"column":8},"end":{"line":18,"column":9}},"type":"if","locations":[{"start":{"line":16,"column":8},"end":{"line":18,"column":9}}]}},"s":{"0":6,"1":61,"2":61,"3":61,"4":61,"5":48,"6":61,"7":7,"8":6,"9":5,"10":28,"11":6},"f":{"0":61,"1":7,"2":6,"3":5,"4":28},"b":{"0":[48]}}
,"/home/linuser/code/fiap-soat/easyOrder-challenge4-app-cliente/src/easyorder/Core/Entity/ValueObject/CpfValueObject.ts": {"path":"/home/linuser/code/fiap-soat/easyOrder-challenge4-app-cliente/src/easyorder/Core/Entity/ValueObject/CpfValueObject.ts","statementMap":{"0":{"start":{"line":9,"column":8},"end":{"line":11,"column":9}},"1":{"start":{"line":10,"column":12},"end":{"line":10,"column":106}},"2":{"start":{"line":12,"column":8},"end":{"line":12,"column":27}},"3":{"start":{"line":16,"column":37},"end":{"line":16,"column":47}},"4":{"start":{"line":17,"column":8},"end":{"line":17,"column":46}},"5":{"start":{"line":21,"column":8},"end":{"line":21,"column":26}},"6":{"start":{"line":25,"column":8},"end":{"line":25,"column":74}},"7":{"start":{"line":29,"column":8},"end":{"line":29,"column":62}},"8":{"start":{"line":3,"column":0},"end":{"line":3,"column":13}}},"fnMap":{"0":{"name":"(anonymous_0)","decl":{"start":{"line":7,"column":4},"end":{"line":7,"column":16}},"loc":{"start":{"line":7,"column":29},"end":{"line":13,"column":5}}},"1":{"name":"(anonymous_1)","decl":{"start":{"line":15,"column":4},"end":{"line":15,"column":10}},"loc":{"start":{"line":15,"column":54},"end":{"line":18,"column":5}}},"2":{"name":"(anonymous_2)","decl":{"start":{"line":20,"column":4},"end":{"line":20,"column":12}},"loc":{"start":{"line":20,"column":12},"end":{"line":22,"column":5}}},"3":{"name":"(anonymous_3)","decl":{"start":{"line":24,"column":4},"end":{"line":24,"column":10}},"loc":{"start":{"line":24,"column":48},"end":{"line":26,"column":5}}},"4":{"name":"(anonymous_4)","decl":{"start":{"line":28,"column":4},"end":{"line":28,"column":16}},"loc":{"start":{"line":28,"column":16},"end":{"line":30,"column":5}}}},"branchMap":{"0":{"loc":{"start":{"line":9,"column":8},"end":{"line":11,"column":9}},"type":"if","locations":[{"start":{"line":9,"column":8},"end":{"line":11,"column":9}}]},"1":{"loc":{"start":{"line":9,"column":12},"end":{"line":9,"column":83}},"type":"binary-expr","locations":[{"start":{"line":9,"column":12},"end":{"line":9,"column":31}},{"start":{"line":9,"column":35},"end":{"line":9,"column":83}}]}},"s":{"0":73,"1":4,"2":69,"3":71,"4":71,"5":25,"6":4,"7":4,"8":7},"f":{"0":73,"1":71,"2":25,"3":4,"4":4},"b":{"0":[4],"1":[73,71]}}
,"/home/linuser/code/fiap-soat/easyOrder-challenge4-app-cliente/src/easyorder/Core/Entity/ValueObject/EmailValueObject.ts": {"path":"/home/linuser/code/fiap-soat/easyOrder-challenge4-app-cliente/src/easyorder/Core/Entity/ValueObject/EmailValueObject.ts","statementMap":{"0":{"start":{"line":9,"column":8},"end":{"line":13,"column":9}},"1":{"start":{"line":10,"column":12},"end":{"line":12,"column":13}},"2":{"start":{"line":11,"column":16},"end":{"line":11,"column":76}},"3":{"start":{"line":14,"column":8},"end":{"line":14,"column":27}},"4":{"start":{"line":18,"column":8},"end":{"line":18,"column":26}},"5":{"start":{"line":3,"column":0},"end":{"line":3,"column":13}}},"fnMap":{"0":{"name":"(anonymous_0)","decl":{"start":{"line":7,"column":4},"end":{"line":7,"column":16}},"loc":{"start":{"line":7,"column":29},"end":{"line":15,"column":5}}},"1":{"name":"(anonymous_1)","decl":{"start":{"line":17,"column":4},"end":{"line":17,"column":12}},"loc":{"start":{"line":17,"column":12},"end":{"line":19,"column":5}}}},"branchMap":{"0":{"loc":{"start":{"line":9,"column":8},"end":{"line":13,"column":9}},"type":"if","locations":[{"start":{"line":9,"column":8},"end":{"line":13,"column":9}}]},"1":{"loc":{"start":{"line":10,"column":12},"end":{"line":12,"column":13}},"type":"if","locations":[{"start":{"line":10,"column":12},"end":{"line":12,"column":13}}]}},"s":{"0":67,"1":66,"2":4,"3":63,"4":5,"5":7},"f":{"0":67,"1":5},"b":{"0":[66],"1":[4]}}
,"/home/linuser/code/fiap-soat/easyOrder-challenge4-app-cliente/src/easyorder/Core/Usecase/ClientesUsecases.ts": {"path":"/home/linuser/code/fiap-soat/easyOrder-challenge4-app-cliente/src/easyorder/Core/Usecase/ClientesUsecases.ts","statementMap":{"0":{"start":{"line":1,"column":0},"end":{"line":1,"column":56}},"1":{"start":{"line":2,"column":0},"end":{"line":2,"column":70}},"2":{"start":{"line":3,"column":0},"end":{"line":3,"column":74}},"3":{"start":{"line":9,"column":25},"end":{"line":9,"column":62}},"4":{"start":{"line":10,"column":8},"end":{"line":12,"column":9}},"5":{"start":{"line":11,"column":12},"end":{"line":11,"column":87}},"6":{"start":{"line":13,"column":8},"end":{"line":13,"column":95}},"7":{"start":{"line":17,"column":26},"end":{"line":17,"column":54}},"8":{"start":{"line":18,"column":29},"end":{"line":18,"column":80}},"9":{"start":{"line":19,"column":8},"end":{"line":21,"column":9}},"10":{"start":{"line":20,"column":12},"end":{"line":20,"column":83}},"11":{"start":{"line":22,"column":8},"end":{"line":22,"column":74}},"12":{"start":{"line":26,"column":26},"end":{"line":26,"column":54}},"13":{"start":{"line":27,"column":29},"end":{"line":27,"column":80}},"14":{"start":{"line":28,"column":8},"end":{"line":30,"column":9}},"15":{"start":{"line":29,"column":12},"end":{"line":29,"column":100}},"16":{"start":{"line":31,"column":28},"end":{"line":35,"column":null}},"17":{"start":{"line":37,"column":35},"end":{"line":37,"column":99}},"18":{"start":{"line":38,"column":8},"end":{"line":40,"column":9}},"19":{"start":{"line":39,"column":12},"end":{"line":39,"column":89}},"20":{"start":{"line":41,"column":8},"end":{"line":41,"column":88}},"21":{"start":{"line":45,"column":26},"end":{"line":45,"column":54}},"22":{"start":{"line":46,"column":28},"end":{"line":46,"column":55}},"23":{"start":{"line":47,"column":29},"end":{"line":47,"column":80}},"24":{"start":{"line":48,"column":8},"end":{"line":50,"column":9}},"25":{"start":{"line":49,"column":12},"end":{"line":49,"column":91}},"26":{"start":{"line":52,"column":28},"end":{"line":52,"column":75}},"27":{"start":{"line":53,"column":32},"end":{"line":53,"column":82}},"28":{"start":{"line":54,"column":8},"end":{"line":56,"column":9}},"29":{"start":{"line":55,"column":12},"end":{"line":55,"column":89}},"30":{"start":{"line":57,"column":8},"end":{"line":57,"column":84}},"31":{"start":{"line":6,"column":0},"end":{"line":6,"column":13}}},"fnMap":{"0":{"name":"(anonymous_0)","decl":{"start":{"line":8,"column":11},"end":{"line":8,"column":17}},"loc":{"start":{"line":8,"column":86},"end":{"line":14,"column":5}}},"1":{"name":"(anonymous_1)","decl":{"start":{"line":16,"column":11},"end":{"line":16,"column":17}},"loc":{"start":{"line":16,"column":144},"end":{"line":23,"column":5}}},"2":{"name":"(anonymous_2)","decl":{"start":{"line":25,"column":11},"end":{"line":25,"column":17}},"loc":{"start":{"line":25,"column":149},"end":{"line":42,"column":5}}},"3":{"name":"(anonymous_3)","decl":{"start":{"line":44,"column":11},"end":{"line":44,"column":17}},"loc":{"start":{"line":44,"column":135},"end":{"line":58,"column":5}}}},"branchMap":{"0":{"loc":{"start":{"line":10,"column":8},"end":{"line":12,"column":9}},"type":"if","locations":[{"start":{"line":10,"column":8},"end":{"line":12,"column":9}}]},"1":{"loc":{"start":{"line":19,"column":8},"end":{"line":21,"column":9}},"type":"if","locations":[{"start":{"line":19,"column":8},"end":{"line":21,"column":9}}]},"2":{"loc":{"start":{"line":28,"column":8},"end":{"line":30,"column":9}},"type":"if","locations":[{"start":{"line":28,"column":8},"end":{"line":30,"column":9}}]},"3":{"loc":{"start":{"line":38,"column":8},"end":{"line":40,"column":9}},"type":"if","locations":[{"start":{"line":38,"column":8},"end":{"line":40,"column":9}}]},"4":{"loc":{"start":{"line":48,"column":8},"end":{"line":50,"column":9}},"type":"if","locations":[{"start":{"line":48,"column":8},"end":{"line":50,"column":9}}]},"5":{"loc":{"start":{"line":54,"column":8},"end":{"line":56,"column":9}},"type":"if","locations":[{"start":{"line":54,"column":8},"end":{"line":56,"column":9}}]}},"s":{"0":2,"1":2,"2":2,"3":2,"4":2,"5":1,"6":1,"7":2,"8":2,"9":2,"10":1,"11":1,"12":3,"13":3,"14":3,"15":1,"16":2,"17":2,"18":2,"19":1,"20":1,"21":2,"22":2,"23":2,"24":2,"25":1,"26":1,"27":1,"28":1,"29":1,"30":0,"31":2},"f":{"0":2,"1":2,"2":3,"3":2},"b":{"0":[1],"1":[1],"2":[1],"3":[1],"4":[1],"5":[1]}}
,"/home/linuser/code/fiap-soat/easyOrder-challenge4-app-cliente/src/easyorder/Infrastructure/DB/Mock/ClienteGatewayMock.ts": {"path":"/home/linuser/code/fiap-soat/easyOrder-challenge4-app-cliente/src/easyorder/Infrastructure/DB/Mock/ClienteGatewayMock.ts","statementMap":{"0":{"start":{"line":1,"column":0},"end":{"line":1,"column":67}},"1":{"start":{"line":2,"column":0},"end":{"line":2,"column":81}},"2":{"start":{"line":3,"column":0},"end":{"line":3,"column":85}},"3":{"start":{"line":11,"column":4},"end":{"line":27,"column":6}},"4":{"start":{"line":31,"column":4},"end":{"line":31,"column":25}},"5":{"start":{"line":37,"column":4},"end":{"line":39,"column":5}},"6":{"start":{"line":38,"column":6},"end":{"line":38,"column":73}},"7":{"start":{"line":38,"column":58},"end":{"line":38,"column":73}},"8":{"start":{"line":40,"column":4},"end":{"line":40,"column":21}},"9":{"start":{"line":44,"column":4},"end":{"line":46,"column":5}},"10":{"start":{"line":45,"column":6},"end":{"line":45,"column":23}},"11":{"start":{"line":47,"column":4},"end":{"line":47,"column":32}},"12":{"start":{"line":48,"column":4},"end":{"line":48,"column":19}},"13":{"start":{"line":65,"column":4},"end":{"line":67,"column":5}},"14":{"start":{"line":66,"column":6},"end":{"line":66,"column":23}},"15":{"start":{"line":68,"column":19},"end":{"line":70,"column":6}},"16":{"start":{"line":69,"column":6},"end":{"line":69,"column":49}},"17":{"start":{"line":71,"column":4},"end":{"line":71,"column":40}},"18":{"start":{"line":72,"column":4},"end":{"line":72,"column":23}},"19":{"start":{"line":6,"column":0},"end":{"line":6,"column":13}}},"fnMap":{"0":{"name":"(anonymous_0)","decl":{"start":{"line":9,"column":2},"end":{"line":9,"column":null}},"loc":{"start":{"line":9,"column":2},"end":{"line":28,"column":3}}},"1":{"name":"(anonymous_1)","decl":{"start":{"line":30,"column":9},"end":{"line":30,"column":14}},"loc":{"start":{"line":30,"column":29},"end":{"line":32,"column":3}}},"2":{"name":"(anonymous_2)","decl":{"start":{"line":34,"column":9},"end":{"line":34,"column":14}},"loc":{"start":{"line":35,"column":23},"end":{"line":41,"column":3}}},"3":{"name":"(anonymous_3)","decl":{"start":{"line":43,"column":9},"end":{"line":43,"column":14}},"loc":{"start":{"line":43,"column":54},"end":{"line":49,"column":3}}},"4":{"name":"(anonymous_4)","decl":{"start":{"line":61,"column":9},"end":{"line":61,"column":14}},"loc":{"start":{"line":63,"column":30},"end":{"line":73,"column":3}}},"5":{"name":"(anonymous_5)","decl":{"start":{"line":68,"column":43},"end":{"line":68,"column":44}},"loc":{"start":{"line":68,"column":60},"end":{"line":70,"column":5}}}},"branchMap":{"0":{"loc":{"start":{"line":38,"column":6},"end":{"line":38,"column":73}},"type":"if","locations":[{"start":{"line":38,"column":6},"end":{"line":38,"column":73}}]},"1":{"loc":{"start":{"line":44,"column":4},"end":{"line":46,"column":5}},"type":"if","locations":[{"start":{"line":44,"column":4},"end":{"line":46,"column":5}}]},"2":{"loc":{"start":{"line":65,"column":4},"end":{"line":67,"column":5}},"type":"if","locations":[{"start":{"line":65,"column":4},"end":{"line":67,"column":5}}]}},"s":{"0":2,"1":2,"2":2,"3":14,"4":3,"5":6,"6":10,"7":4,"8":2,"9":2,"10":1,"11":1,"12":1,"13":1,"14":0,"15":1,"16":3,"17":1,"18":1,"19":2},"f":{"0":14,"1":3,"2":6,"3":2,"4":1,"5":3},"b":{"0":[4],"1":[1],"2":[0]}}
}
