TN:
SF:src/easyorder/Application/Controller/ClientesController.ts
FN:7,(anonymous_0)
FN:17,(anonymous_1)
FN:26,(anonymous_2)
FN:35,(anonymous_3)
FNF:4
FNH:4
FNDA:2,(anonymous_0)
FNDA:2,(anonymous_1)
FNDA:2,(anonymous_2)
FNDA:2,(anonymous_3)
DA:2,1
DA:3,1
DA:5,1
DA:8,2
DA:9,2
DA:10,2
DA:11,1
DA:13,1
DA:18,2
DA:19,2
DA:20,2
DA:21,1
DA:23,1
DA:27,2
DA:28,2
DA:29,2
DA:30,1
DA:32,1
DA:36,2
DA:37,2
DA:38,2
DA:39,1
DA:41,1
LF:23
LH:23
BRDA:10,0,0,1
BRDA:10,1,0,2
BRDA:10,1,1,2
BRDA:20,2,0,1
BRDA:29,3,0,1
BRDA:38,4,0,1
BRF:6
BRH:6
end_of_record
TN:
SF:src/easyorder/Application/Presenter/ClienteAdapter.ts
FN:5,(anonymous_0)
FN:12,(anonymous_1)
FN:15,(anonymous_2)
FN:26,(anonymous_3)
FNF:4
FNH:4
FNDA:4,(anonymous_0)
FNDA:4,(anonymous_1)
FNDA:2,(anonymous_2)
FNDA:1,(anonymous_3)
DA:3,2
DA:6,4
DA:7,1
DA:9,3
DA:13,4
DA:16,2
DA:27,1
LF:7
LH:7
BRDA:6,0,0,1
BRDA:15,1,0,0
BRDA:15,1,1,4
BRDA:15,2,0,4
BRDA:15,2,1,4
BRF:5
BRH:4
end_of_record
TN:
SF:src/easyorder/Core/Entity/ClienteEntity.ts
FN:11,(anonymous_0)
FN:23,(anonymous_1)
FN:27,(anonymous_2)
FN:31,(anonymous_3)
FN:35,(anonymous_4)
FNF:5
FNH:5
FNDA:61,(anonymous_0)
FNDA:7,(anonymous_1)
FNDA:6,(anonymous_2)
FNDA:5,(anonymous_3)
FNDA:28,(anonymous_4)
DA:1,6
DA:5,6
DA:12,61
DA:13,61
DA:14,61
DA:16,61
DA:17,48
DA:20,61
DA:24,7
DA:28,6
DA:32,5
DA:36,28
LF:12
LH:12
BRDA:16,0,0,48
BRF:1
BRH:1
end_of_record
TN:
SF:src/easyorder/Core/Entity/ValueObject/CpfValueObject.ts
FN:7,(anonymous_0)
FN:15,(anonymous_1)
FN:20,(anonymous_2)
FN:24,(anonymous_3)
FN:28,(anonymous_4)
FNF:5
FNH:5
FNDA:73,(anonymous_0)
FNDA:71,(anonymous_1)
FNDA:25,(anonymous_2)
FNDA:4,(anonymous_3)
FNDA:4,(anonymous_4)
DA:3,7
DA:9,73
DA:10,4
DA:12,69
DA:16,71
DA:17,71
DA:21,25
DA:25,4
DA:29,4
LF:9
LH:9
BRDA:9,0,0,4
BRDA:9,1,0,73
BRDA:9,1,1,71
BRF:3
BRH:3
end_of_record
TN:
SF:src/easyorder/Core/Entity/ValueObject/EmailValueObject.ts
FN:7,(anonymous_0)
FN:17,(anonymous_1)
FNF:2
FNH:2
FNDA:67,(anonymous_0)
FNDA:5,(anonymous_1)
DA:3,7
DA:9,67
DA:10,66
DA:11,4
DA:14,63
DA:18,5
LF:6
LH:6
BRDA:9,0,0,66
BRDA:10,1,0,4
BRF:2
BRH:2
end_of_record
TN:
SF:src/easyorder/Core/Usecase/ClientesUsecases.ts
FN:8,(anonymous_0)
FN:16,(anonymous_1)
FN:25,(anonymous_2)
FN:44,(anonymous_3)
FNF:4
FNH:4
FNDA:2,(anonymous_0)
FNDA:2,(anonymous_1)
FNDA:3,(anonymous_2)
FNDA:2,(anonymous_3)
DA:1,2
DA:2,2
DA:3,2
DA:6,2
DA:9,2
DA:10,2
DA:11,1
DA:13,1
DA:17,2
DA:18,2
DA:19,2
DA:20,1
DA:22,1
DA:26,3
DA:27,3
DA:28,3
DA:29,1
DA:31,2
DA:37,2
DA:38,2
DA:39,1
DA:41,1
DA:45,2
DA:46,2
DA:47,2
DA:48,2
DA:49,1
DA:52,1
DA:53,1
DA:54,1
DA:55,1
DA:57,0
LF:32
LH:31
BRDA:10,0,0,1
BRDA:19,1,0,1
BRDA:28,2,0,1
BRDA:38,3,0,1
BRDA:48,4,0,1
BRDA:54,5,0,1
BRF:6
BRH:6
end_of_record
TN:
SF:src/easyorder/Infrastructure/DB/Mock/ClienteGatewayMock.ts
FN:9,(anonymous_0)
FN:30,(anonymous_1)
FN:34,(anonymous_2)
FN:43,(anonymous_3)
FN:61,(anonymous_4)
FN:68,(anonymous_5)
FNF:6
FNH:6
FNDA:14,(anonymous_0)
FNDA:3,(anonymous_1)
FNDA:6,(anonymous_2)
FNDA:2,(anonymous_3)
FNDA:1,(anonymous_4)
FNDA:3,(anonymous_5)
DA:1,2
DA:2,2
DA:3,2
DA:6,2
DA:11,14
DA:31,3
DA:37,6
DA:38,10
DA:40,2
DA:44,2
DA:45,1
DA:47,1
DA:48,1
DA:65,1
DA:66,0
DA:68,1
DA:69,3
DA:71,1
DA:72,1
LF:19
LH:18
BRDA:38,0,0,4
BRDA:44,1,0,1
BRDA:65,2,0,0
BRF:3
BRH:2
end_of_record
