TN:
SF:src/easyorder/Core/Entity/ValueObject/CpfValueObject.ts
FN:7,(anonymous_0)
FN:15,(anonymous_1)
FN:20,(anonymous_2)
FN:24,(anonymous_3)
FN:28,(anonymous_4)
FNF:5
FNH:5
FNDA:6,(anonymous_0)
FNDA:4,(anonymous_1)
FNDA:1,(anonymous_2)
FNDA:1,(anonymous_3)
FNDA:1,(anonymous_4)
DA:3,1
DA:9,6
DA:10,4
DA:12,2
DA:16,4
DA:17,4
DA:21,1
DA:25,1
DA:29,1
LF:9
LH:9
BRDA:9,0,0,4
BRDA:9,1,0,6
BRDA:9,1,1,4
BRF:3
BRH:3
end_of_record
TN:
SF:src/easyorder/Core/Entity/ValueObject/EmailValueObject.ts
FN:7,(anonymous_0)
FN:17,(anonymous_1)
FNF:2
FNH:2
FNDA:6,(anonymous_0)
FNDA:2,(anonymous_1)
DA:3,1
DA:9,6
DA:10,5
DA:11,4
DA:14,2
DA:18,2
LF:6
LH:6
BRDA:9,0,0,5
BRDA:10,1,0,4
BRF:2
BRH:2
end_of_record
